[debug] [2025-05-17T03:50:08.816Z] ----------------------------------------------------------------------
[debug] [2025-05-17T03:50:08.822Z] Command:       C:\Program Files\nodejs\node.exe C:\Users\ravib\AppData\Roaming\npm\node_modules\firebase-tools\lib\bin\firebase.js init storage
[debug] [2025-05-17T03:50:08.822Z] CLI Version:   14.4.0
[debug] [2025-05-17T03:50:08.822Z] Platform:      win32
[debug] [2025-05-17T03:50:08.823Z] Node Version:  v22.11.0
[debug] [2025-05-17T03:50:08.823Z] Time:          Fri May 16 2025 23:50:08 GMT-0400 (Eastern Daylight Saving Time)
[debug] [2025-05-17T03:50:08.823Z] ----------------------------------------------------------------------
[debug] 
[debug] [2025-05-17T03:50:08.829Z] >>> [apiv2][query] GET https://firebase-public.firebaseio.com/cli.json [none]
[debug] [2025-05-17T03:50:08.939Z] > command requires scopes: ["email","openid","https://www.googleapis.com/auth/cloudplatformprojects.readonly","https://www.googleapis.com/auth/firebase","https://www.googleapis.com/auth/cloud-platform"]
[debug] [2025-05-17T03:50:08.940Z] > authorizing via signed-in user (ravibhim007@gmail.com)
[info] 
     ######## #### ########  ######## ########     ###     ######  ########
     ##        ##  ##     ## ##       ##     ##  ##   ##  ##       ##
     ######    ##  ########  ######   ########  #########  ######  ######
     ##        ##  ##    ##  ##       ##     ## ##     ##       ## ##
     ##       #### ##     ## ######## ########  ##     ##  ######  ########

You're about to initialize a Firebase project in this directory:

  C:\Users\ravib\OneDrive\Desktop\Programming General\Project Management\template-2

[debug] [2025-05-17T03:50:09.135Z] <<< [apiv2][status] GET https://firebase-public.firebaseio.com/cli.json 200
[debug] [2025-05-17T03:50:09.136Z] <<< [apiv2][body] GET https://firebase-public.firebaseio.com/cli.json {"cloudBuildErrorAfter":1594252800000,"cloudBuildWarnAfter":1590019200000,"defaultNode10After":1594252800000,"minVersion":"3.0.5","node8DeploysDisabledAfter":1613390400000,"node8RuntimeDisabledAfter":1615809600000,"node8WarnAfter":1600128000000}
